npm verb cli /usr/local/bin/node /usr/local/bin/npm
npm info using npm@8.19.2
npm info using node@v18.12.0
npm timing npm:load:whichnode Completed in 1ms
npm timing config:load:defaults Completed in 1ms
npm timing config:load:file:/usr/local/lib/node_modules/npm/npmrc Completed in 1ms
npm timing config:load:builtin Completed in 1ms
npm timing config:load:cli Completed in 2ms
npm timing config:load:env Completed in 0ms
npm timing config:load:file:/Users/jusingh/Desktop/Juhi/BrowserStack Demo App /tmpBstackPackages/.npmrc Completed in 0ms
npm timing config:load:project Completed in 7ms
npm timing config:load:file:/Users/jusingh/.npmrc Completed in 0ms
npm timing config:load:user Completed in 0ms
npm timing config:load:file:/usr/local/etc/npmrc Completed in 0ms
npm timing config:load:global Completed in 0ms
npm timing config:load:validate Completed in 0ms
npm timing config:load:credentials Completed in 1ms
npm timing config:load:setEnvs Completed in 1ms
npm timing config:load Completed in 13ms
npm timing npm:load:configload Completed in 13ms
npm timing npm:load:mkdirpcache Completed in 1ms
npm timing npm:load:mkdirplogs Completed in 0ms
npm verb title npm install
npm verb argv "install" "--legacy-peer-deps" "--loglevel" "verbose"
npm timing npm:load:setTitle Completed in 18ms
npm timing config:load:flatten Completed in 3ms
npm timing npm:load:display Completed in 7ms
npm verb logfile logs-max:10 dir:/Users/jusingh/.npm/_logs
npm verb logfile /Users/jusingh/.npm/_logs/2022-10-28T17_10_56_903Z-debug-0.log
npm timing npm:load:logFile Completed in 5ms
npm timing npm:load:timers Completed in 0ms
npm timing npm:load:configScope Completed in 0ms
npm timing npm:load Completed in 47ms
npm timing arborist:ctor Completed in 1ms
npm timing arborist:ctor Completed in 0ms
npm timing idealTree:init Completed in 9ms
npm timing idealTree:userRequests Completed in 0ms
npm http fetch GET 200 https://registry.npmjs.org/cypress 171ms (cache revalidated)
npm http fetch GET 200 https://registry.npmjs.org/blob-util 194ms (cache revalidated)
npm http fetch GET 200 https://registry.npmjs.org/buffer 194ms (cache revalidated)
npm http fetch GET 200 https://registry.npmjs.org/common-tags 194ms (cache revalidated)
npm http fetch GET 200 https://registry.npmjs.org/bluebird 200ms (cache revalidated)
npm http fetch GET 200 https://registry.npmjs.org/cli-cursor 200ms (cache revalidated)
npm http fetch GET 200 https://registry.npmjs.org/arch 207ms (cache revalidated)
npm http fetch GET 200 https://registry.npmjs.org/cachedir 207ms (cache revalidated)
npm http fetch GET 200 https://registry.npmjs.org/@types%2fsizzle 212ms (cache revalidated)
npm http fetch GET 200 https://registry.npmjs.org/commander 210ms (cache revalidated)
npm http fetch GET 200 https://registry.npmjs.org/enquirer 212ms (cache revalidated)
npm http fetch GET 200 https://registry.npmjs.org/chalk 226ms (cache revalidated)
npm http fetch GET 200 https://registry.npmjs.org/execa 229ms (cache revalidated)
npm http fetch GET 200 https://registry.npmjs.org/executable 231ms (cache revalidated)
npm http fetch GET 200 https://registry.npmjs.org/fs-extra 235ms (cache revalidated)
npm http fetch GET 200 https://registry.npmjs.org/@types%2fnode 255ms (cache revalidated)
npm http fetch GET 200 https://registry.npmjs.org/figures 269ms (cache revalidated)
npm http fetch GET 200 https://registry.npmjs.org/is-installed-globally 267ms (cache revalidated)
npm http fetch GET 200 https://registry.npmjs.org/log-symbols 270ms (cache revalidated)
npm http fetch GET 200 https://registry.npmjs.org/proxy-from-env 267ms (cache revalidated)
npm http fetch GET 200 https://registry.npmjs.org/is-ci 279ms (cache revalidated)
npm http fetch GET 200 https://registry.npmjs.org/lodash 288ms (cache revalidated)
npm http fetch GET 200 https://registry.npmjs.org/ospath 309ms (cache revalidated)
npm http fetch GET 200 https://registry.npmjs.org/lazy-ass 318ms (cache revalidated)
npm http fetch GET 200 https://registry.npmjs.org/tmp 313ms (cache revalidated)
npm http fetch GET 200 https://registry.npmjs.org/debug 328ms (cache revalidated)
npm http fetch GET 200 https://registry.npmjs.org/untildify 325ms (cache revalidated)
npm http fetch GET 200 https://registry.npmjs.org/yauzl 354ms (cache revalidated)
npm http fetch GET 200 https://registry.npmjs.org/semver 365ms (cache revalidated)
npm http fetch GET 200 https://registry.npmjs.org/pretty-bytes 367ms (cache revalidated)
npm http fetch GET 200 https://registry.npmjs.org/supports-color 368ms (cache revalidated)
npm http fetch GET 200 https://registry.npmjs.org/minimist 404ms (cache revalidated)
npm http fetch GET 200 https://registry.npmjs.org/cli-table3 1257ms (cache revalidated)
npm http fetch GET 200 https://registry.npmjs.org/check-more-types 1274ms (cache revalidated)
npm http fetch GET 200 https://registry.npmjs.org/getos 1290ms (cache revalidated)
npm http fetch GET 200 https://registry.npmjs.org/dayjs 1310ms (cache revalidated)
npm http fetch GET 200 https://registry.npmjs.org/listr2 1357ms (cache revalidated)
npm http fetch GET 200 https://registry.npmjs.org/eventemitter2 1383ms (cache revalidated)
npm http fetch GET 200 https://registry.npmjs.org/extract-zip 1435ms (cache revalidated)
npm http fetch GET 200 https://registry.npmjs.org/request-progress 1457ms (cache revalidated)
npm http fetch GET 200 https://registry.npmjs.org/@cypress%2frequest 2322ms (cache revalidated)
npm http fetch GET 200 https://registry.npmjs.org/@types%2fsinonjs__fake-timers 2353ms (cache revalidated)
npm http fetch GET 200 https://registry.npmjs.org/@cypress%2fxvfb 2620ms (cache revalidated)
npm timing idealTree:#root Completed in 2809ms
npm http fetch GET 200 https://registry.npmjs.org/extend 226ms (cache revalidated)
npm http fetch GET 200 https://registry.npmjs.org/combined-stream 227ms (cache revalidated)
npm http fetch GET 200 https://registry.npmjs.org/forever-agent 228ms (cache revalidated)
npm http fetch GET 200 https://registry.npmjs.org/safe-buffer 222ms (cache revalidated)
npm http fetch GET 200 https://registry.npmjs.org/is-typedarray 228ms (cache revalidated)
npm http fetch GET 200 https://registry.npmjs.org/aws4 234ms (cache revalidated)
npm http fetch GET 200 https://registry.npmjs.org/form-data 232ms (cache revalidated)
npm http fetch GET 200 https://registry.npmjs.org/ansi-styles 222ms (cache revalidated)
npm http fetch GET 200 https://registry.npmjs.org/qs 232ms (cache revalidated)
npm http fetch GET 200 https://registry.npmjs.org/tough-cookie 234ms (cache revalidated)
npm http fetch GET 200 https://registry.npmjs.org/tunnel-agent 235ms (cache revalidated)
npm http fetch GET 200 https://registry.npmjs.org/mime-types 246ms (cache revalidated)
npm http fetch GET 200 https://registry.npmjs.org/http-signature 254ms (cache revalidated)
npm http fetch GET 200 https://registry.npmjs.org/string-width 243ms (cache revalidated)
npm http fetch GET 200 https://registry.npmjs.org/is-stream 241ms (cache revalidated)
npm http fetch GET 200 https://registry.npmjs.org/get-stream 254ms (cache revalidated)
npm http fetch GET 200 https://registry.npmjs.org/performance-now 270ms (cache revalidated)
npm http fetch GET 200 https://registry.npmjs.org/ansi-colors 258ms (cache revalidated)
npm http fetch GET 200 https://registry.npmjs.org/ieee754 263ms (cache revalidated)
npm http fetch GET 200 https://registry.npmjs.org/cross-spawn 259ms (cache revalidated)
npm http fetch GET 200 https://registry.npmjs.org/lodash.once 277ms (cache revalidated)
npm http fetch GET 200 https://registry.npmjs.org/@colors%2fcolors 276ms (cache revalidated)
npm http fetch GET 200 https://registry.npmjs.org/merge-stream 281ms (cache revalidated)
npm http fetch GET 200 https://registry.npmjs.org/@types%2fyauzl 277ms (cache revalidated)
npm http fetch GET 200 https://registry.npmjs.org/get-stream 283ms (cache revalidated)
npm http fetch GET 200 https://registry.npmjs.org/signal-exit 290ms (cache revalidated)
npm http fetch GET 200 https://registry.npmjs.org/at-least-node 288ms (cache revalidated)
npm http fetch GET 200 https://registry.npmjs.org/aws-sign2 325ms (cache revalidated)
npm http fetch GET 200 https://registry.npmjs.org/human-signals 302ms (cache revalidated)
npm http fetch GET 200 https://registry.npmjs.org/strip-final-newline 302ms (cache revalidated)
npm http fetch GET 200 https://registry.npmjs.org/ci-info 297ms (cache revalidated)
npm http fetch GET 200 https://registry.npmjs.org/graceful-fs 305ms (cache revalidated)
npm http fetch GET 200 https://registry.npmjs.org/global-dirs 301ms (cache revalidated)
npm http fetch GET 200 https://registry.npmjs.org/onetime 325ms (cache revalidated)
npm http fetch GET 200 https://registry.npmjs.org/universalify 319ms (cache revalidated)
npm http fetch GET 200 https://registry.npmjs.org/cli-truncate 319ms (cache revalidated)
npm http fetch GET 200 https://registry.npmjs.org/jsonfile 333ms (cache revalidated)
npm http fetch GET 200 https://registry.npmjs.org/escape-string-regexp 338ms (cache revalidated)
npm http fetch GET 200 https://registry.npmjs.org/colorette 334ms (cache revalidated)
npm http fetch GET 200 https://registry.npmjs.org/rfdc 335ms (cache revalidated)
npm http fetch GET 200 https://registry.npmjs.org/p-map 340ms (cache revalidated)
npm http fetch GET 200 https://registry.npmjs.org/wrap-ansi 340ms (cache revalidated)
npm http fetch GET 200 https://registry.npmjs.org/is-unicode-supported 342ms (cache revalidated)
npm http fetch GET 200 https://registry.npmjs.org/npm-run-path 376ms (cache revalidated)
npm http fetch GET 200 https://registry.npmjs.org/throttleit 357ms (cache revalidated)
npm http fetch GET 200 https://registry.npmjs.org/through 362ms (cache revalidated)
npm http fetch GET 200 https://registry.npmjs.org/log-update 366ms (cache revalidated)
npm http fetch GET 200 https://registry.npmjs.org/fd-slicer 366ms (cache revalidated)
npm http fetch GET 200 https://registry.npmjs.org/is-path-inside 388ms (cache revalidated)
npm http fetch GET 200 https://registry.npmjs.org/ms 412ms (cache revalidated)
npm http fetch GET 200 https://registry.npmjs.org/rimraf 388ms (cache revalidated)
npm http fetch GET 200 https://registry.npmjs.org/has-flag 393ms (cache revalidated)
npm http fetch GET 200 https://registry.npmjs.org/restore-cursor 426ms (cache revalidated)
npm http fetch GET 200 https://registry.npmjs.org/uuid 433ms (cache revalidated)
npm http fetch GET 200 https://registry.npmjs.org/buffer-crc32 398ms (cache revalidated)
npm http fetch GET 200 https://registry.npmjs.org/lru-cache 403ms (cache revalidated)
npm http fetch GET 200 https://registry.npmjs.org/async 426ms (cache revalidated)
npm http fetch GET 200 https://registry.npmjs.org/json-stringify-safe 1239ms (cache revalidated)
npm http fetch GET 200 https://registry.npmjs.org/base64-js 1243ms (cache revalidated)
npm http fetch GET 200 https://registry.npmjs.org/isstream 1272ms (cache revalidated)
npm http fetch GET 200 https://registry.npmjs.org/caseless 1303ms (cache revalidated)
npm http fetch GET 200 https://registry.npmjs.org/pify 1356ms (cache revalidated)
npm http fetch GET 200 https://registry.npmjs.org/rxjs 1461ms (cache revalidated)
npm timing idealTree:node_modules/cypress Completed in 1580ms
npm http fetch GET 200 https://registry.npmjs.org/punycode 55ms (cache revalidated)
npm http fetch GET 200 https://registry.npmjs.org/asynckit 72ms (cache revalidated)
npm http fetch GET 200 https://registry.npmjs.org/delayed-stream 73ms (cache revalidated)
npm http fetch GET 200 https://registry.npmjs.org/sshpk 70ms (cache revalidated)
npm http fetch GET 200 https://registry.npmjs.org/jsprim 74ms (cache revalidated)
npm http fetch GET 200 https://registry.npmjs.org/mime-db 72ms (cache revalidated)
npm http fetch GET 200 https://registry.npmjs.org/psl 80ms (cache revalidated)
npm http fetch GET 200 https://registry.npmjs.org/assert-plus 86ms (cache revalidated)
npm timing idealTree:node_modules/@cypress/request Completed in 105ms
npm timing idealTree:node_modules/@cypress/xvfb Completed in 3ms
npm timing idealTree:node_modules/@types/node Completed in 0ms
npm timing idealTree:node_modules/@types/sinonjs__fake-timers Completed in 0ms
npm timing idealTree:node_modules/@types/sizzle Completed in 0ms
npm timing idealTree:node_modules/arch Completed in 0ms
npm timing idealTree:node_modules/aws-sign2 Completed in 0ms
npm timing idealTree:node_modules/aws4 Completed in 0ms
npm timing idealTree:node_modules/blob-util Completed in 0ms
npm timing idealTree:node_modules/bluebird Completed in 0ms
npm timing idealTree:node_modules/buffer Completed in 2ms
npm timing idealTree:node_modules/base64-js Completed in 0ms
npm timing idealTree:node_modules/cachedir Completed in 0ms
npm timing idealTree:node_modules/caseless Completed in 0ms
npm http fetch GET 200 https://registry.npmjs.org/color-convert 56ms (cache revalidated)
npm timing idealTree:node_modules/chalk Completed in 61ms
npm http fetch GET 200 https://registry.npmjs.org/color-name 50ms (cache revalidated)
npm timing idealTree:node_modules/ansi-styles Completed in 52ms
npm timing idealTree:node_modules/check-more-types Completed in 0ms
npm timing idealTree:node_modules/cli-cursor Completed in 1ms
npm http fetch GET 200 https://registry.npmjs.org/strip-ansi 55ms (cache revalidated)
npm http fetch GET 200 https://registry.npmjs.org/is-fullwidth-code-point 56ms (cache revalidated)
npm http fetch GET 200 https://registry.npmjs.org/emoji-regex 1098ms (cache revalidated)
npm timing idealTree:node_modules/cli-table3 Completed in 1101ms
npm timing idealTree:node_modules/@colors/colors Completed in 0ms
npm timing idealTree:node_modules/color-convert Completed in 1ms
npm timing idealTree:node_modules/color-name Completed in 0ms
npm timing idealTree:node_modules/combined-stream Completed in 2ms
npm timing idealTree:node_modules/commander Completed in 0ms
npm timing idealTree:node_modules/common-tags Completed in 0ms
npm timing idealTree:node_modules/dayjs Completed in 0ms
npm timing idealTree:node_modules/debug Completed in 2ms
npm timing idealTree:node_modules/delayed-stream Completed in 0ms
npm timing idealTree:node_modules/enquirer Completed in 1ms
npm timing idealTree:node_modules/ansi-colors Completed in 0ms
npm timing idealTree:node_modules/eventemitter2 Completed in 0ms
npm http fetch GET 200 https://registry.npmjs.org/path-key 75ms (cache revalidated)
npm http fetch GET 200 https://registry.npmjs.org/which 79ms (cache revalidated)
npm http fetch GET 200 https://registry.npmjs.org/shebang-command 81ms (cache revalidated)
npm http fetch GET 200 https://registry.npmjs.org/pump 92ms (cache revalidated)
npm http fetch GET 200 https://registry.npmjs.org/mimic-fn 93ms (cache revalidated)
npm http fetch GET 200 https://registry.npmjs.org/path-key 104ms (cache revalidated)
npm timing idealTree:node_modules/execa Completed in 119ms
npm http fetch GET 200 https://registry.npmjs.org/shebang-regex 56ms (cache revalidated)
npm http fetch GET 200 https://registry.npmjs.org/isexe 63ms (cache revalidated)
npm timing idealTree:node_modules/cross-spawn Completed in 69ms
npm timing idealTree:node_modules/executable Completed in 1ms
npm timing idealTree:node_modules/extend Completed in 0ms
npm timing idealTree:node_modules/extract-zip Completed in 2ms
npm timing idealTree:node_modules/@types/yauzl Completed in 0ms
npm timing idealTree:node_modules/figures Completed in 1ms
npm timing idealTree:node_modules/escape-string-regexp Completed in 0ms
npm timing idealTree:node_modules/forever-agent Completed in 0ms
npm timing idealTree:node_modules/form-data Completed in 1ms
npm timing idealTree:node_modules/asynckit Completed in 0ms
npm timing idealTree:node_modules/fs-extra Completed in 5ms
npm timing idealTree:node_modules/at-least-node Completed in 0ms
npm http fetch GET 200 https://registry.npmjs.org/end-of-stream 66ms (cache revalidated)
npm http fetch GET 200 https://registry.npmjs.org/once 83ms (cache revalidated)
npm timing idealTree:node_modules/get-stream Completed in 86ms
npm timing idealTree:node_modules/getos Completed in 1ms
npm timing idealTree:node_modules/async Completed in 0ms
npm timing idealTree:node_modules/graceful-fs Completed in 0ms
npm http fetch GET 200 https://registry.npmjs.org/extsprintf 77ms (cache revalidated)
npm http fetch GET 200 https://registry.npmjs.org/asn1 76ms (cache revalidated)
npm http fetch GET 200 https://registry.npmjs.org/safer-buffer 78ms (cache revalidated)
npm http fetch GET 200 https://registry.npmjs.org/jsbn 78ms (cache revalidated)
npm http fetch GET 200 https://registry.npmjs.org/verror 82ms (cache revalidated)
npm http fetch GET 200 https://registry.npmjs.org/dashdash 88ms (cache revalidated)
npm http fetch GET 200 https://registry.npmjs.org/bcrypt-pbkdf 85ms (cache revalidated)
npm http fetch GET 200 https://registry.npmjs.org/tweetnacl 88ms (cache revalidated)
npm http fetch GET 200 https://registry.npmjs.org/getpass 92ms (cache revalidated)
npm http fetch GET 200 https://registry.npmjs.org/ecc-jsbn 1150ms (cache revalidated)
npm http fetch GET 200 https://registry.npmjs.org/json-schema 1169ms (cache revalidated)
npm timing idealTree:node_modules/http-signature Completed in 1173ms
npm timing idealTree:node_modules/assert-plus Completed in 0ms
npm timing idealTree:node_modules/human-signals Completed in 0ms
npm timing idealTree:node_modules/ieee754 Completed in 0ms
npm timing idealTree:node_modules/is-ci Completed in 1ms
npm timing idealTree:node_modules/ci-info Completed in 0ms
npm http fetch GET 200 https://registry.npmjs.org/ini 60ms (cache revalidated)
npm timing idealTree:node_modules/is-installed-globally Completed in 64ms
npm timing idealTree:node_modules/global-dirs Completed in 1ms
npm timing idealTree:node_modules/ini Completed in 0ms
npm timing idealTree:node_modules/is-path-inside Completed in 0ms
npm timing idealTree:node_modules/is-stream Completed in 0ms
npm timing idealTree:node_modules/is-typedarray Completed in 0ms
npm timing idealTree:node_modules/isstream Completed in 0ms
npm timing idealTree:node_modules/json-stringify-safe Completed in 0ms
npm timing idealTree:node_modules/jsonfile Completed in 0ms
npm http fetch GET 200 https://registry.npmjs.org/core-util-is 1158ms (cache revalidated)
npm timing idealTree:node_modules/jsprim Completed in 1161ms
npm timing idealTree:node_modules/extsprintf Completed in 0ms
npm timing idealTree:node_modules/json-schema Completed in 0ms
npm timing idealTree:node_modules/lazy-ass Completed in 0ms
npm http fetch GET 200 https://registry.npmjs.org/aggregate-error 52ms (cache revalidated)
npm http fetch GET 200 https://registry.npmjs.org/ansi-escapes 62ms (cache revalidated)
npm http fetch GET 200 https://registry.npmjs.org/slice-ansi 64ms (cache revalidated)
npm http fetch GET 200 https://registry.npmjs.org/tslib 62ms (cache revalidated)
npm http fetch GET 200 https://registry.npmjs.org/slice-ansi 66ms (cache revalidated)
npm timing idealTree:node_modules/listr2 Completed in 76ms
npm http fetch GET 200 https://registry.npmjs.org/astral-regex 78ms (cache revalidated)
npm timing idealTree:node_modules/cli-truncate Completed in 79ms
npm timing idealTree:node_modules/colorette Completed in 0ms
npm timing idealTree:node_modules/lodash Completed in 0ms
npm timing idealTree:node_modules/lodash.once Completed in 0ms
npm timing idealTree:node_modules/log-symbols Completed in 1ms
npm timing idealTree:node_modules/is-unicode-supported Completed in 0ms
npm http fetch GET 200 https://registry.npmjs.org/type-fest 55ms (cache revalidated)
npm timing idealTree:node_modules/log-update Completed in 59ms
npm timing idealTree:node_modules/ansi-escapes Completed in 1ms
npm timing idealTree:node_modules/merge-stream Completed in 0ms
npm timing idealTree:node_modules/mime-types Completed in 1ms
npm timing idealTree:node_modules/mime-db Completed in 0ms
npm timing idealTree:node_modules/minimist Completed in 0ms
npm timing idealTree:node_modules/ms Completed in 0ms
npm timing idealTree:node_modules/npm-run-path Completed in 0ms
npm timing idealTree:node_modules/onetime Completed in 1ms
npm timing idealTree:node_modules/mimic-fn Completed in 0ms
npm timing idealTree:node_modules/ospath Completed in 0ms
npm http fetch GET 200 https://registry.npmjs.org/clean-stack 60ms (cache revalidated)
npm http fetch GET 200 https://registry.npmjs.org/indent-string 80ms (cache revalidated)
npm timing idealTree:node_modules/p-map Completed in 82ms
npm timing idealTree:node_modules/aggregate-error Completed in 1ms
npm timing idealTree:node_modules/clean-stack Completed in 0ms
npm timing idealTree:node_modules/indent-string Completed in 0ms
npm timing idealTree:node_modules/path-key Completed in 0ms
npm timing idealTree:node_modules/performance-now Completed in 0ms
npm timing idealTree:node_modules/pify Completed in 0ms
npm timing idealTree:node_modules/pretty-bytes Completed in 0ms
npm timing idealTree:node_modules/proxy-from-env Completed in 0ms
npm http fetch GET 200 https://registry.npmjs.org/wrappy 47ms (cache revalidated)
npm timing idealTree:node_modules/pump Completed in 50ms
npm timing idealTree:node_modules/end-of-stream Completed in 0ms
npm timing idealTree:node_modules/once Completed in 1ms
npm timing idealTree:node_modules/qs Completed in 0ms
npm timing idealTree:node_modules/request-progress Completed in 1ms
npm timing idealTree:node_modules/restore-cursor Completed in 0ms
npm timing idealTree:node_modules/rfdc Completed in 0ms
npm timing idealTree:node_modules/rxjs Completed in 1ms
npm timing idealTree:node_modules/safe-buffer Completed in 0ms
npm http fetch GET 200 https://registry.npmjs.org/yallist 50ms (cache revalidated)
npm timing idealTree:node_modules/semver Completed in 52ms
npm timing idealTree:node_modules/lru-cache Completed in 1ms
npm timing idealTree:node_modules/shebang-command Completed in 1ms
npm timing idealTree:node_modules/shebang-regex Completed in 0ms
npm timing idealTree:node_modules/signal-exit Completed in 0ms
npm timing idealTree:node_modules/slice-ansi Completed in 1ms
npm timing idealTree:node_modules/astral-regex Completed in 0ms
npm timing idealTree:node_modules/is-fullwidth-code-point Completed in 0ms
npm timing idealTree:node_modules/sshpk Completed in 6ms
npm timing idealTree:node_modules/asn1 Completed in 0ms
npm timing idealTree:node_modules/bcrypt-pbkdf Completed in 0ms
npm timing idealTree:node_modules/dashdash Completed in 0ms
npm timing idealTree:node_modules/ecc-jsbn Completed in 0ms
npm timing idealTree:node_modules/getpass Completed in 0ms
npm timing idealTree:node_modules/jsbn Completed in 0ms
npm timing idealTree:node_modules/safer-buffer Completed in 0ms
npm http fetch GET 200 https://registry.npmjs.org/ansi-regex 86ms (cache revalidated)
npm timing idealTree:node_modules/string-width Completed in 88ms
npm timing idealTree:node_modules/emoji-regex Completed in 0ms
npm timing idealTree:node_modules/strip-ansi Completed in 0ms
npm timing idealTree:node_modules/ansi-regex Completed in 0ms
npm timing idealTree:node_modules/strip-final-newline Completed in 0ms
npm timing idealTree:node_modules/supports-color Completed in 1ms
npm timing idealTree:node_modules/has-flag Completed in 0ms
npm timing idealTree:node_modules/throttleit Completed in 0ms
npm timing idealTree:node_modules/through Completed in 0ms
npm http fetch GET 200 https://registry.npmjs.org/glob 49ms (cache revalidated)
npm timing idealTree:node_modules/tmp Completed in 52ms
npm http fetch GET 200 https://registry.npmjs.org/path-is-absolute 52ms (cache revalidated)
npm http fetch GET 200 https://registry.npmjs.org/inherits 54ms (cache revalidated)
npm http fetch GET 200 https://registry.npmjs.org/minimatch 64ms (cache revalidated)
npm http fetch GET 200 https://registry.npmjs.org/fs.realpath 72ms (cache revalidated)
npm http fetch GET 200 https://registry.npmjs.org/inflight 1121ms (cache revalidated)
npm timing idealTree:node_modules/rimraf Completed in 1124ms
npm http fetch GET 200 https://registry.npmjs.org/brace-expansion 62ms (cache revalidated)
npm timing idealTree:node_modules/glob Completed in 68ms
npm timing idealTree:node_modules/fs.realpath Completed in 0ms
npm timing idealTree:node_modules/inflight Completed in 0ms
npm timing idealTree:node_modules/inherits Completed in 0ms
npm http fetch GET 200 https://registry.npmjs.org/concat-map 53ms (cache revalidated)
npm http fetch GET 200 https://registry.npmjs.org/balanced-match 55ms (cache revalidated)
npm timing idealTree:node_modules/minimatch Completed in 56ms
npm timing idealTree:node_modules/brace-expansion Completed in 1ms
npm timing idealTree:node_modules/balanced-match Completed in 0ms
npm timing idealTree:node_modules/concat-map Completed in 0ms
npm timing idealTree:node_modules/path-is-absolute Completed in 0ms
npm timing idealTree:node_modules/tough-cookie Completed in 1ms
npm timing idealTree:node_modules/psl Completed in 1ms
npm timing idealTree:node_modules/punycode Completed in 0ms
npm timing idealTree:node_modules/tslib Completed in 0ms
npm timing idealTree:node_modules/tunnel-agent Completed in 0ms
npm timing idealTree:node_modules/tweetnacl Completed in 0ms
npm timing idealTree:node_modules/type-fest Completed in 0ms
npm timing idealTree:node_modules/universalify Completed in 1ms
npm timing idealTree:node_modules/untildify Completed in 0ms
npm timing idealTree:node_modules/uuid Completed in 0ms
npm timing idealTree:node_modules/verror Completed in 1ms
npm timing idealTree:node_modules/core-util-is Completed in 0ms
npm timing idealTree:node_modules/which Completed in 1ms
npm timing idealTree:node_modules/isexe Completed in 0ms
npm timing idealTree:node_modules/wrap-ansi Completed in 0ms
npm timing idealTree:node_modules/wrappy Completed in 0ms
npm timing idealTree:node_modules/yallist Completed in 0ms
npm http fetch GET 200 https://registry.npmjs.org/pend 62ms (cache revalidated)
npm timing idealTree:node_modules/yauzl Completed in 64ms
npm timing idealTree:node_modules/buffer-crc32 Completed in 0ms
npm timing idealTree:node_modules/fd-slicer Completed in 1ms
npm timing idealTree:node_modules/pend Completed in 0ms
npm timing idealTree:node_modules/@cypress/xvfb/node_modules/debug Completed in 0ms
npm timing idealTree:node_modules/chalk/node_modules/supports-color Completed in 0ms
npm timing idealTree:node_modules/log-update/node_modules/slice-ansi Completed in 0ms
npm timing idealTree:node_modules/log-update/node_modules/wrap-ansi Completed in 0ms
npm timing idealTree:buildDeps Completed in 10342ms
npm timing idealTree:fixDepFlags Completed in 2ms
npm timing idealTree Completed in 10356ms
npm timing reify:loadTrees Completed in 10357ms
npm timing reify:diffTrees Completed in 3ms
npm timing reify:retireShallow Completed in 2ms
npm timing reify:createSparse Completed in 30ms
npm timing reify:loadBundles Completed in 0ms
npm http fetch POST 200 https://registry.npmjs.org/-/npm/v1/security/advisories/bulk 390ms
npm timing auditReport:getReport Completed in 396ms
npm timing auditReport:init Completed in 0ms
npm timing reify:audit Completed in 397ms
npm timing reifyNode:node_modules/buffer-crc32 Completed in 405ms
npm timing reifyNode:node_modules/path-is-absolute Completed in 407ms
npm timing reifyNode:node_modules/brace-expansion Completed in 407ms
npm timing reifyNode:node_modules/inflight Completed in 408ms
npm timing reifyNode:node_modules/wrappy Completed in 408ms
npm timing reifyNode:node_modules/once Completed in 408ms
npm timing reifyNode:node_modules/end-of-stream Completed in 408ms
npm timing reifyNode:node_modules/slice-ansi Completed in 409ms
npm timing reifyNode:node_modules/wrap-ansi Completed in 409ms
npm timing reifyNode:node_modules/ini Completed in 409ms
npm timing reifyNode:node_modules/universalify Completed in 411ms
npm timing reifyNode:node_modules/at-least-node Completed in 411ms
npm timing reifyNode:node_modules/@types/yauzl Completed in 411ms
npm timing reifyNode:node_modules/strip-final-newline Completed in 412ms
npm timing reifyNode:node_modules/escape-string-regexp Completed in 412ms
npm timing reifyNode:node_modules/shebang-command Completed in 412ms
npm timing reifyNode:node_modules/pify Completed in 412ms
npm timing reifyNode:node_modules/merge-stream Completed in 413ms
npm timing reifyNode:node_modules/color-name Completed in 412ms
npm timing reifyNode:node_modules/ms Completed in 413ms
npm timing reifyNode:node_modules/lodash.once Completed in 414ms
npm timing reifyNode:node_modules/executable Completed in 415ms
npm timing reifyNode:node_modules/@cypress/xvfb Completed in 416ms
npm timing reifyNode:node_modules/@types/sizzle Completed in 416ms
npm timing reifyNode:node_modules/@types/sinonjs__fake-timers Completed in 416ms
npm timing reifyNode:node_modules/log-update/node_modules/wrap-ansi Completed in 419ms
npm timing reifyNode:node_modules/pend Completed in 421ms
npm timing reifyNode:node_modules/log-update/node_modules/slice-ansi Completed in 420ms
npm timing reifyNode:node_modules/strip-ansi Completed in 421ms
npm timing reifyNode:node_modules/inherits Completed in 422ms
npm timing reifyNode:node_modules/ansi-regex Completed in 422ms
npm timing reifyNode:node_modules/has-flag Completed in 422ms
npm timing reifyNode:node_modules/is-fullwidth-code-point Completed in 423ms
npm timing reifyNode:node_modules/astral-regex Completed in 423ms
npm timing reifyNode:node_modules/shebang-regex Completed in 423ms
npm timing reifyNode:node_modules/lru-cache Completed in 424ms
npm timing reifyNode:node_modules/aggregate-error Completed in 424ms
npm timing reifyNode:node_modules/clean-stack Completed in 425ms
npm timing reifyNode:node_modules/mimic-fn Completed in 425ms
npm timing reifyNode:node_modules/p-map Completed in 424ms
npm timing reifyNode:node_modules/indent-string Completed in 426ms
npm timing reifyNode:node_modules/cli-truncate Completed in 425ms
npm timing reifyNode:node_modules/is-unicode-supported Completed in 426ms
npm timing reifyNode:node_modules/is-path-inside Completed in 426ms
npm timing reifyNode:node_modules/log-update Completed in 426ms
npm timing reifyNode:node_modules/global-dirs Completed in 426ms
npm timing reifyNode:node_modules/assert-plus Completed in 427ms
npm timing reifyNode:node_modules/path-key Completed in 428ms
npm timing reifyNode:node_modules/onetime Completed in 429ms
npm timing reifyNode:node_modules/signal-exit Completed in 429ms
npm timing reifyNode:node_modules/npm-run-path Completed in 430ms
npm timing reifyNode:node_modules/is-stream Completed in 430ms
npm timing reifyNode:node_modules/restore-cursor Completed in 430ms
npm timing reifyNode:node_modules/string-width Completed in 430ms
npm timing reifyNode:node_modules/tunnel-agent Completed in 431ms
npm timing reifyNode:node_modules/ieee754 Completed in 431ms
npm timing reifyNode:node_modules/is-typedarray Completed in 432ms
npm timing reifyNode:node_modules/forever-agent Completed in 433ms
npm timing reifyNode:node_modules/aws-sign2 Completed in 433ms
npm timing reifyNode:node_modules/untildify Completed in 434ms
npm timing reifyNode:node_modules/supports-color Completed in 434ms
npm timing reifyNode:node_modules/caseless Completed in 435ms
npm timing reifyNode:node_modules/pretty-bytes Completed in 435ms
npm timing reifyNode:node_modules/ospath Completed in 435ms
npm timing reifyNode:node_modules/is-installed-globally Completed in 436ms
npm timing reifyNode:node_modules/figures Completed in 436ms
npm timing reifyNode:node_modules/cli-cursor Completed in 437ms
npm timing reifyNode:node_modules/fs.realpath Completed in 442ms
npm timing reifyNode:node_modules/chalk/node_modules/supports-color Completed in 439ms
npm timing reifyNode:node_modules/balanced-match Completed in 443ms
npm timing reifyNode:node_modules/yallist Completed in 443ms
npm timing reifyNode:node_modules/ansi-escapes Completed in 444ms
npm timing reifyNode:node_modules/base64-js Completed in 443ms
npm timing reifyNode:node_modules/ansi-styles Completed in 444ms
npm timing reifyNode:node_modules/combined-stream Completed in 445ms
npm timing reifyNode:node_modules/log-symbols Completed in 445ms
npm timing reifyNode:node_modules/is-ci Completed in 446ms
npm timing reifyNode:node_modules/extract-zip Completed in 446ms
npm timing reifyNode:node_modules/cachedir Completed in 447ms
npm timing reifyNode:node_modules/arch Completed in 448ms
npm timing reifyNode:node_modules/minimatch Completed in 453ms
npm timing reifyNode:node_modules/getpass Completed in 453ms
npm timing reifyNode:node_modules/ci-info Completed in 453ms
npm timing reifyNode:node_modules/pump Completed in 454ms
npm timing reifyNode:node_modules/get-stream Completed in 453ms
npm timing reifyNode:node_modules/which Completed in 455ms
npm timing reifyNode:node_modules/delayed-stream Completed in 455ms
npm timing reifyNode:node_modules/mime-types Completed in 455ms
npm timing reifyNode:node_modules/punycode Completed in 461ms
npm timing reifyNode:node_modules/rimraf Completed in 461ms
npm timing reifyNode:node_modules/bcrypt-pbkdf Completed in 462ms
npm timing reifyNode:node_modules/colorette Completed in 462ms
npm timing reifyNode:node_modules/json-schema Completed in 463ms
npm timing reifyNode:node_modules/jsonfile Completed in 464ms
npm timing reifyNode:node_modules/graceful-fs Completed in 464ms
npm timing reifyNode:node_modules/safe-buffer Completed in 464ms
npm timing reifyNode:node_modules/yauzl Completed in 465ms
npm timing reifyNode:node_modules/core-util-is Completed in 470ms
npm timing reifyNode:node_modules/concat-map Completed in 471ms
npm timing reifyNode:node_modules/throttleit Completed in 471ms
npm timing reifyNode:node_modules/color-convert Completed in 470ms
npm timing reifyNode:node_modules/ansi-colors Completed in 471ms
npm timing reifyNode:node_modules/lazy-ass Completed in 471ms
npm timing reifyNode:node_modules/debug Completed in 472ms
npm timing reifyNode:node_modules/isexe Completed in 477ms
npm timing reifyNode:node_modules/safer-buffer Completed in 477ms
npm timing reifyNode:node_modules/jsprim Completed in 477ms
npm timing reifyNode:node_modules/extend Completed in 477ms
npm timing reifyNode:node_modules/isstream Completed in 478ms
npm timing reifyNode:node_modules/aws4 Completed in 479ms
npm timing reifyNode:node_modules/request-progress Completed in 479ms
npm timing reifyNode:node_modules/proxy-from-env Completed in 480ms
npm timing reifyNode:node_modules/jsbn Completed in 483ms
npm timing reifyNode:node_modules/glob Completed in 484ms
npm timing reifyNode:node_modules/verror Completed in 484ms
npm timing reifyNode:node_modules/tmp Completed in 484ms
npm timing reifyNode:node_modules/chalk Completed in 484ms
npm timing reifyNode:node_modules/fd-slicer Completed in 489ms
npm timing reifyNode:node_modules/emoji-regex Completed in 490ms
npm timing reifyNode:node_modules/ecc-jsbn Completed in 490ms
npm timing reifyNode:node_modules/extsprintf Completed in 490ms
npm timing reifyNode:node_modules/cross-spawn Completed in 489ms
npm timing reifyNode:node_modules/json-stringify-safe Completed in 490ms
npm timing reifyNode:node_modules/eventemitter2 Completed in 493ms
npm timing reifyNode:node_modules/buffer Completed in 493ms
npm timing reifyNode:node_modules/asn1 Completed in 497ms
npm timing reifyNode:node_modules/@cypress/xvfb/node_modules/debug Completed in 495ms
npm timing reifyNode:node_modules/rfdc Completed in 497ms
npm timing reifyNode:node_modules/through Completed in 498ms
npm timing reifyNode:node_modules/http-signature Completed in 498ms
npm timing reifyNode:node_modules/check-more-types Completed in 498ms
npm timing reifyNode:node_modules/dashdash Completed in 502ms
npm timing reifyNode:node_modules/commander Completed in 502ms
npm timing reifyNode:node_modules/cli-table3 Completed in 504ms
npm timing reifyNode:node_modules/blob-util Completed in 504ms
npm timing reifyNode:node_modules/tough-cookie Completed in 507ms
npm timing reifyNode:node_modules/execa Completed in 507ms
npm timing reifyNode:node_modules/tslib Completed in 511ms
npm timing reifyNode:node_modules/human-signals Completed in 512ms
npm timing reifyNode:node_modules/form-data Completed in 512ms
npm timing reifyNode:node_modules/mime-db Completed in 516ms
npm timing reifyNode:node_modules/asynckit Completed in 518ms
npm timing reifyNode:node_modules/performance-now Completed in 518ms
npm timing reifyNode:node_modules/tweetnacl Completed in 525ms
npm timing reifyNode:node_modules/minimist Completed in 539ms
npm timing reifyNode:node_modules/@cypress/request Completed in 542ms
npm timing reifyNode:node_modules/@colors/colors Completed in 544ms
npm timing reifyNode:node_modules/qs Completed in 550ms
npm timing reifyNode:node_modules/psl Completed in 563ms
npm timing reifyNode:node_modules/type-fest Completed in 596ms
npm timing reifyNode:node_modules/semver Completed in 604ms
npm timing reifyNode:node_modules/sshpk Completed in 626ms
npm timing reifyNode:node_modules/fs-extra Completed in 627ms
npm timing reifyNode:node_modules/enquirer Completed in 633ms
npm timing reifyNode:node_modules/getos Completed in 656ms
npm timing reifyNode:node_modules/uuid Completed in 680ms
npm timing reifyNode:node_modules/bluebird Completed in 687ms
npm timing reifyNode:node_modules/listr2 Completed in 693ms
npm timing reifyNode:node_modules/async Completed in 791ms
npm timing reifyNode:node_modules/common-tags Completed in 792ms
npm timing reifyNode:node_modules/@types/node Completed in 800ms
npm timing reifyNode:node_modules/dayjs Completed in 1028ms
npm timing reifyNode:node_modules/lodash Completed in 1298ms
npm timing reifyNode:node_modules/cypress Completed in 1396ms
npm timing reifyNode:node_modules/rxjs Completed in 1769ms
npm timing reify:unpack Completed in 1772ms
npm timing reify:unretire Completed in 0ms
npm timing build:queue Completed in 4ms
npm timing build:link:node_modules/cypress Completed in 4ms
npm timing build:link:node_modules/is-ci Completed in 3ms
npm timing build:link:node_modules/extract-zip Completed in 4ms
npm timing build:link:node_modules/rimraf Completed in 4ms
npm timing build:link:node_modules/semver Completed in 4ms
npm timing build:link:node_modules/sshpk Completed in 4ms
npm timing build:link:node_modules/uuid Completed in 4ms
npm timing build:link:node_modules/which Completed in 4ms
npm timing build:link Completed in 6ms
npm info run cypress@10.11.0 postinstall node_modules/cypress node index.js --exec install
npm info run cypress@10.11.0 postinstall { code: 0, signal: null }
npm timing build:run:postinstall:node_modules/cypress Completed in 520ms
npm timing build:run:postinstall Completed in 520ms
npm timing build:deps Completed in 531ms
npm timing build Completed in 531ms
npm timing reify:build Completed in 532ms
npm timing reify:trash Completed in 0ms
npm timing reify:save Completed in 36ms
npm timing reify Completed in 12761ms

added 165 packages, and audited 166 packages in 13s

28 packages are looking for funding
  run `npm fund` for details

found 0 vulnerabilities
npm timing command:install Completed in 12772ms
npm verb exit 0
npm timing npm Completed in 12938ms
npm info ok 
